<?xml version="1.0" encoding="UTF-8"?>
<!-- Generated by org.testng.reporters.JUnitXMLReporter -->
<testsuite ignored="0" hostname="LAPTOP-PCAC96OA" failures="0" tests="3" name="Default test" time="162.2" errors="0" timestamp="22 Jul 2018 10:07:57 GMT">
  <testcase classname="com.bank.qa.testCases.LoginPageTest" name="loginPageTitleTest" time="0.13"/>
  <testcase classname="com.bank.qa.testCases.LoginPageTest" name="logoTest" time="2.189"/>
  <testcase classname="com.bank.qa.testCases.LoginPageTest" name="loginTest" time="10.661"/>
</testsuite> <!-- Default test -->
