<?xml version="1.0" encoding="UTF-8"?>
<testng-results ignored="0" total="3" passed="3" failed="0" skipped="0">
  <reporter-output>
  </reporter-output>
  <suite started-at="2018-07-22T10:05:15Z" name="Default suite" finished-at="2018-07-22T10:07:57Z" duration-ms="162200">
    <groups>
    </groups>
    <test started-at="2018-07-22T10:05:15Z" name="Default test" finished-at="2018-07-22T10:07:57Z" duration-ms="162200">
      <class name="com.bank.qa.testCases.LoginPageTest">
        <test-method is-config="true" signature="setUp()[pri:0, instance:com.bank.qa.testCases.LoginPageTest@dd0c991]" started-at="2018-07-22T10:05:15Z" name="setUp" finished-at="2018-07-22T10:06:35Z" duration-ms="80660" status="PASS">
          <reporter-output>
          </reporter-output>
        </test-method> <!-- setUp -->
        <test-method signature="loginPageTitleTest()[pri:1, instance:com.bank.qa.testCases.LoginPageTest@dd0c991]" started-at="2018-07-22T10:06:35Z" name="loginPageTitleTest" finished-at="2018-07-22T10:06:36Z" duration-ms="130" status="PASS">
          <reporter-output>
          </reporter-output>
        </test-method> <!-- loginPageTitleTest -->
        <test-method is-config="true" signature="tearDown()[pri:0, instance:com.bank.qa.testCases.LoginPageTest@dd0c991]" started-at="2018-07-22T10:06:36Z" name="tearDown" finished-at="2018-07-22T10:06:38Z" duration-ms="2056" status="PASS">
          <reporter-output>
          </reporter-output>
        </test-method> <!-- tearDown -->
        <test-method is-config="true" signature="setUp()[pri:0, instance:com.bank.qa.testCases.LoginPageTest@dd0c991]" started-at="2018-07-22T10:06:38Z" name="setUp" finished-at="2018-07-22T10:07:10Z" duration-ms="32113" status="PASS">
          <reporter-output>
          </reporter-output>
        </test-method> <!-- setUp -->
        <test-method signature="logoTest()[pri:2, instance:com.bank.qa.testCases.LoginPageTest@dd0c991]" started-at="2018-07-22T10:07:10Z" name="logoTest" finished-at="2018-07-22T10:07:12Z" duration-ms="2189" status="PASS">
          <reporter-output>
          </reporter-output>
        </test-method> <!-- logoTest -->
        <test-method is-config="true" signature="tearDown()[pri:0, instance:com.bank.qa.testCases.LoginPageTest@dd0c991]" started-at="2018-07-22T10:07:12Z" name="tearDown" finished-at="2018-07-22T10:07:13Z" duration-ms="1124" status="PASS">
          <reporter-output>
          </reporter-output>
        </test-method> <!-- tearDown -->
        <test-method is-config="true" signature="setUp()[pri:0, instance:com.bank.qa.testCases.LoginPageTest@dd0c991]" started-at="2018-07-22T10:07:13Z" name="setUp" finished-at="2018-07-22T10:07:45Z" duration-ms="31729" status="PASS">
          <reporter-output>
          </reporter-output>
        </test-method> <!-- setUp -->
        <test-method signature="loginTest()[pri:3, instance:com.bank.qa.testCases.LoginPageTest@dd0c991]" started-at="2018-07-22T10:07:45Z" name="loginTest" finished-at="2018-07-22T10:07:56Z" duration-ms="10661" status="PASS">
          <reporter-output>
          </reporter-output>
        </test-method> <!-- loginTest -->
        <test-method is-config="true" signature="tearDown()[pri:0, instance:com.bank.qa.testCases.LoginPageTest@dd0c991]" started-at="2018-07-22T10:07:56Z" name="tearDown" finished-at="2018-07-22T10:07:57Z" duration-ms="1402" status="PASS">
          <reporter-output>
          </reporter-output>
        </test-method> <!-- tearDown -->
      </class> <!-- com.bank.qa.testCases.LoginPageTest -->
    </test> <!-- Default test -->
  </suite> <!-- Default suite -->
</testng-results>
